17:53:54.525 INFO [main] org.lenskit.cli.Main: Starting LensKit 3.0-M1 on Java 1.8.0_171 from Oracle Corporation
17:53:54.545 DEBUG [main] org.lenskit.LenskitInfo: have 5573 active revisions
17:53:54.549 DEBUG [main] org.lenskit.cli.Main: Built from Git revision c0210fa3281ef8b15b0959bcd5fced43c5fec38a
17:53:54.549 DEBUG [main] org.lenskit.cli.Main: Using VM 'Java HotSpot(TM) 64-Bit Server VM' version 25.171-b11 from Oracle Corporation
17:53:54.550 INFO [main] org.lenskit.cli.Main: Have 8 processors and heap limit of 3641 MiB
17:53:54.561 INFO [main] org.lenskit.cli.util.RecommenderLoader: creating fresh recommender
17:53:54.795 INFO [main] org.lenskit.config.ConfigurationLoader: loading script from file:/Users/german/Documents/Recommenders/Honor%20Assignment/cbf-assignment/etc/weighted.groovy
17:53:55.221 DEBUG [main] org.lenskit.data.dao.file.TextEntitySource: loading source ratings with base URI file:/Users/german/Documents/Recommenders/Honor%20Assignment/cbf-assignment/data/movielens.yml
17:53:55.221 DEBUG [main] org.lenskit.data.dao.file.TextEntitySource: resolved file URI: file:/Users/german/Documents/Recommenders/Honor%20Assignment/cbf-assignment/data/ratings.csv
17:53:55.230 INFO [main] org.lenskit.data.dao.file.TextEntitySource: loading text file source ratings to read from file:/Users/german/Documents/Recommenders/Honor%20Assignment/cbf-assignment/data/ratings.csv
17:53:55.234 DEBUG [main] org.lenskit.data.dao.file.TextEntitySource: ratings: using delimiter ,
17:53:55.234 DEBUG [main] org.lenskit.data.dao.file.TextEntitySource: ratings: reading header
17:53:55.235 DEBUG [main] org.lenskit.data.dao.file.TextEntitySource: ratings: reading entities of type EntityType[rating]
17:53:55.270 DEBUG [main] org.lenskit.data.dao.file.TextEntitySource: class org.lenskit.data.ratings.RatingBuilder: using entity builder {}
17:53:55.270 DEBUG [main] org.lenskit.data.dao.file.TextEntitySource: loading source movies with base URI file:/Users/german/Documents/Recommenders/Honor%20Assignment/cbf-assignment/data/movielens.yml
17:53:55.270 DEBUG [main] org.lenskit.data.dao.file.TextEntitySource: resolved file URI: file:/Users/german/Documents/Recommenders/Honor%20Assignment/cbf-assignment/data/movies.csv
17:53:55.270 INFO [main] org.lenskit.data.dao.file.TextEntitySource: loading text file source movies to read from file:/Users/german/Documents/Recommenders/Honor%20Assignment/cbf-assignment/data/movies.csv
17:53:55.270 DEBUG [main] org.lenskit.data.dao.file.TextEntitySource: movies: using delimiter ,
17:53:55.270 DEBUG [main] org.lenskit.data.dao.file.TextEntitySource: movies: reading header
17:53:55.270 DEBUG [main] org.lenskit.data.dao.file.TextEntitySource: movies: reading entities of type EntityType[item]
17:53:55.271 DEBUG [main] org.lenskit.data.dao.file.TextEntitySource: class org.lenskit.data.entities.BasicEntityBuilder: using entity builder {}
17:53:55.271 DEBUG [main] org.lenskit.data.dao.file.TextEntitySource: loading source tags with base URI file:/Users/german/Documents/Recommenders/Honor%20Assignment/cbf-assignment/data/movielens.yml
17:53:55.271 DEBUG [main] org.lenskit.data.dao.file.TextEntitySource: resolved file URI: file:/Users/german/Documents/Recommenders/Honor%20Assignment/cbf-assignment/data/tags.csv
17:53:55.271 INFO [main] org.lenskit.data.dao.file.TextEntitySource: loading text file source tags to read from file:/Users/german/Documents/Recommenders/Honor%20Assignment/cbf-assignment/data/tags.csv
17:53:55.271 DEBUG [main] org.lenskit.data.dao.file.TextEntitySource: tags: using delimiter ,
17:53:55.271 DEBUG [main] org.lenskit.data.dao.file.TextEntitySource: tags: reading header
17:53:55.271 DEBUG [main] org.lenskit.data.dao.file.TextEntitySource: tags: reading entities of type EntityType[item-tag]
17:53:55.273 DEBUG [main] org.lenskit.data.dao.file.TextEntitySource: class org.lenskit.data.entities.BasicEntityBuilder: using entity builder {}
17:53:55.278 DEBUG [main] org.lenskit.LenskitRecommenderEngineBuilder: building graph from 3 configurations
17:53:55.333 DEBUG [main] org.lenskit.inject.RecommenderInstantiator: replacing nodes in graph with 14 nodes
17:53:55.337 DEBUG [main] org.lenskit.inject.RecommenderInstantiator: found 4 shared nodes
17:53:56.092 INFO [main] org.lenskit.data.dao.file.StaticDataSource: deriving entity type EntityType[user] from EntityType[rating] (column TypedName[user: long])
17:53:56.236 INFO [main] org.lenskit.data.dao.file.StaticDataSource: deriving entity type EntityType[item] from EntityType[rating] (column TypedName[item: long])
17:53:56.268 INFO [main] org.lenskit.data.dao.file.StaticDataSource: deriving entity type EntityType[user] from EntityType[item-tag] (column TypedName[user: long])
17:53:56.294 INFO [main] org.lenskit.data.dao.file.StaticDataSource: deriving entity type EntityType[item] from EntityType[item-tag] (column TypedName[item: long])
17:53:56.315 DEBUG [main] org.lenskit.data.entities.EntityCollectionBuilder: built collection of 2500 entities with type EntityType[item] and 2 indexes
17:53:56.337 DEBUG [main] org.lenskit.data.entities.EntityCollectionBuilder: built collection of 264505 entities with type EntityType[rating] and 2 indexes
17:53:56.346 DEBUG [main] org.lenskit.data.entities.EntityCollectionBuilder: built collection of 94875 entities with type EntityType[item-tag] and 2 indexes
17:53:56.346 DEBUG [main] org.lenskit.data.entities.EntityCollectionBuilder: built collection of 862 entities with type EntityType[user] and 2 indexes
17:53:56.352 INFO [main] org.lenskit.mooc.cbf.TFIDFModelProvider: Building TF-IDF model
17:53:56.432 INFO [main] org.lenskit.mooc.cbf.TFIDFModelProvider: Computed TF vectors for 2500 items
17:53:56.474 DEBUG [main] org.lenskit.inject.RecommenderInstantiator: final graph has 14 nodes
17:53:56.475 INFO [main] org.lenskit.cli.util.RecommenderLoader: built recommender in 1.197 s
17:53:56.483 INFO [main] org.lenskit.cli.commands.Recommend: recommending for 1 users
17:53:56.490 DEBUG [main] org.lenskit.basic.TopNItemRecommender: computing effective candidates for user 320 from 2500 candidates and 62 excluded items
17:53:56.492 DEBUG [main] org.lenskit.basic.TopNItemRecommender: Computing 10 recommendations for user 320 from 2438 candidates
17:53:56.810 INFO [main] org.lenskit.cli.commands.Recommend: recommended for 1 users in 326.8 ms
17:53:56.810 INFO [main] org.lenskit.cli.Main: If you use LensKit in published research, please see http://lenskit.org/research/
